"report-file-0"
"Time Step" "flow-time"
("Time Step" "flow-time")
0 0
1 250
2 500
3 750
4 1000
5 1250
6 1500
7 1750
8 2000
9 2250
10 2500
11 2750
12 3000
13 3250
14 3500
15 3750
16 4000
17 4250
18 4500
19 4750
20 5000
21 5250
22 5500
23 5750
24 6000
25 6250
26 6500
27 6750
28 7000
29 7250
30 7500
31 7750
32 8000
33 8250
34 8500
35 8750
36 9000
37 9250
38 9500
39 9750
40 10000
41 10250
42 10500
43 10750
44 11000
45 11250
46 11500
47 11750
48 12000
49 12250
50 12500
51 12750
52 13000
53 13250
54 13500
55 13750
56 14000
57 14250
58 14500
59 14750
60 15000
61 15250
62 15500
63 15750
64 16000
65 16250
66 16500
67 16750
68 17000
69 17250
70 17500
71 17750
72 18000
73 18250
74 18500
75 18750
76 19000
77 19250
78 19500
79 19750
80 20000
81 20250
82 20500
83 20750
84 21000
85 21250
86 21500
87 21750
88 22000
89 22250
90 22500
91 22750
92 23000
93 23250
94 23500
95 23750
96 24000
97 24250
98 24500
99 24750
100 25000
101 25250
102 25500
103 25750
104 26000
105 26250
106 26500
107 26750
108 27000
109 27250
110 27500
111 27750
112 28000
113 28250
114 28500
115 28750
116 29000
117 29250
118 29500
119 29750
120 30000
121 30250
122 30500
123 30750
124 31000
125 31250
126 31500
127 31750
128 32000
129 32250
130 32500
131 32750
132 33000
133 33250
134 33500
135 33750
136 34000
137 34250
138 34500
139 34750
140 35000
141 35250
142 35500
143 35750
144 36000
145 36250
146 36500
147 36750
148 37000
149 37250
150 37500
151 37750
152 38000
153 38250
154 38500
155 38750
156 39000
157 39250
158 39500
159 39750
160 40000
161 40250
162 40500
163 40750
164 41000
165 41250
166 41500
167 41750
168 42000
169 42250
170 42500
171 42750
172 43000
173 43250
174 43500
175 43750
176 44000
177 44250
178 44500
179 44750
180 45000
181 45250
182 45500
183 45750
184 46000
185 46250
186 46500
187 46750
188 47000
189 47250
190 47500
191 47750
192 48000
193 48250
194 48500
195 48750
196 49000
197 49250
198 49500
199 49750
200 50000
201 50250
202 50500
203 50750
204 51000
205 51250
206 51500
207 51750
208 52000
209 52250
210 52500
211 52750
212 53000
213 53250
214 53500
215 53750
216 54000
217 54250
218 54500
219 54750
220 55000
221 55250
222 55500
223 55750
224 56000
225 56250
226 56500
227 56750
228 57000
229 57250
230 57500
231 57750
232 58000
233 58250
234 58500
235 58750
236 59000
237 59250
238 59500
239 59750
240 60000
241 60250
242 60500
243 60750
244 61000
245 61250
246 61500
247 61750
248 62000
249 62250
250 62500
251 62750
252 63000
253 63250
254 63500
255 63750
256 64000
257 64250
258 64500
259 64750
260 65000
261 65250
262 65500
263 65750
264 66000
265 66250
266 66500
267 66750
268 67000
269 67250
270 67500
271 67750
272 68000
273 68250
274 68500
275 68750
276 69000
277 69250
278 69500
279 69750
280 70000
281 70250
282 70500
283 70750
284 71000
285 71250
286 71500
287 71750
288 72000
289 72250
290 72500
291 72750
292 73000
293 73250
294 73500
295 73750
296 74000
297 74250
298 74500
299 74750
300 75000
301 75250
302 75500
303 75750
304 76000
305 76250
306 76500
307 76750
308 77000
309 77250
310 77500
311 77750
312 78000
313 78250
314 78500
315 78750
316 79000
317 79250
318 79500
319 79750
320 80000
321 80250
322 80500
323 80750
324 81000
325 81250
326 81500
327 81750
328 82000
329 82250
330 82500
331 82750
332 83000
333 83250
334 83500
335 83750
336 84000
337 84250
338 84500
339 84750
340 85000
341 85250
342 85500
343 85750
344 86000
345 86250
346 86500
347 86750
348 87000
349 87250
350 87500
351 87750
352 88000
353 88250
354 88500
355 88750
356 89000
357 89250
358 89500
359 89750
360 90000
361 90250
362 90500
363 90750
364 91000
365 91250
366 91500
367 91750
368 92000
369 92250
370 92500
371 92750
372 93000
373 93250
374 93500
375 93750
376 94000
377 94250
378 94500
379 94750
380 95000
381 95250
382 95500
383 95750
384 96000
385 96250
386 96500
387 96750
388 97000
389 97250
390 97500
391 97750
392 98000
393 98250
394 98500
395 98750
396 99000
397 99250
398 99500
399 99750
400 100000
401 100250
402 100500
403 100750
404 101000
405 101250
406 101500
407 101750
408 102000
409 102250
410 102500
411 102750
412 103000
413 103250
414 103500
415 103750
416 104000
417 104250
418 104500
419 104750
420 105000
421 105250
422 105500
423 105750
424 106000
425 106250
426 106500
427 106750
428 107000
429 107250
430 107500
431 107750
432 108000
433 108250
434 108500
435 108750
436 109000
437 109250
438 109500
439 109750
440 110000
441 110250
442 110500
443 110750
444 111000
445 111250
446 111500
447 111750
448 112000
449 112250
450 112500
451 112750
452 113000
453 113250
454 113500
455 113750
456 114000
457 114250
458 114500
459 114750
460 115000
461 115250
462 115500
463 115750
464 116000
465 116250
466 116500
467 116750
468 117000
469 117250
470 117500
471 117750
472 118000
473 118250
474 118500
475 118750
476 119000
477 119250
478 119500
479 119750
480 120000
481 120250
482 120500
483 120750
484 121000
485 121250
486 121500
487 121750
488 122000
489 122250
490 122500
491 122750
492 123000
493 123250
494 123500
495 123750
496 124000
497 124250
498 124500
499 124750
500 125000
501 125250
502 125500
503 125750
504 126000
505 126250
506 126500
507 126750
508 127000
509 127250
510 127500
511 127750
512 128000
513 128250
514 128500
515 128750
516 129000
517 129250
518 129500
519 129750
520 130000
521 130250
522 130500
523 130750
524 131000
525 131250
526 131500
527 131750
528 132000
529 132250
530 132500
531 132750
532 133000
533 133250
534 133500
535 133750
536 134000
537 134250
538 134500
539 134750
540 135000
541 135250
542 135500
543 135750
544 136000
545 136250
546 136500
547 136750
548 137000
549 137250
550 137500
551 137750
552 138000
553 138250
554 138500
555 138750
556 139000
557 139250
558 139500
559 139750
560 140000
561 140250
562 140500
563 140750
564 141000
565 141250
566 141500
567 141750
568 142000
569 142250
570 142500
571 142750
572 143000
573 143250
574 143500
575 143750
576 144000
577 144250
578 144500
579 144750
580 145000
581 145250
582 145500
583 145750
584 146000
585 146250
586 146500
587 146750
588 147000
589 147250
590 147500
591 147750
592 148000
593 148250
594 148500
595 148750
596 149000
597 149250
598 149500
599 149750
600 150000
601 150250
602 150500
603 150750
604 151000
605 151250
606 151500
607 151750
608 152000
609 152250
610 152500
611 152750
612 153000
613 153250
614 153500
615 153750
616 154000
617 154250
618 154500
619 154750
620 155000
621 155250
622 155500
623 155750
624 156000
625 156250
626 156500
627 156750
628 157000
629 157250
630 157500
631 157750
632 158000
633 158250
634 158500
635 158750
636 159000
637 159250
638 159500
639 159750
640 160000
641 160250
642 160500
643 160750
644 161000
645 161250
646 161500
647 161750
648 162000
649 162250
650 162500
651 162750
652 163000
653 163250
654 163500
655 163750
656 164000
657 164250
658 164500
659 164750
660 165000
661 165250
662 165500
663 165750
664 166000
665 166250
666 166500
667 166750
668 167000
669 167250
670 167500
671 167750
672 168000
673 168250
674 168500
675 168750
676 169000
677 169250
678 169500
679 169750
680 170000
681 170250
682 170500
683 170750
684 171000
685 171250
686 171500
687 171750
688 172000
689 172250
690 172500
691 172750
692 173000
693 173250
694 173500
695 173750
696 174000
697 174250
698 174500
699 174750
700 175000
701 175250
702 175500
703 175750
704 176000
705 176250
706 176500
707 176750
708 177000
709 177250
710 177500
711 177750
712 178000
713 178250
714 178500
715 178750
716 179000
717 179250
718 179500
719 179750
720 180000
721 180250
722 180500
723 180750
724 181000
725 181250
726 181500
727 181750
728 182000
729 182250
730 182500
731 182750
732 183000
733 183250
734 183500
735 183750
736 184000
737 184250
738 184500
739 184750
740 185000
741 185250
742 185500
743 185750
744 186000
745 186250
746 186500
747 186750
748 187000
749 187250
750 187500
751 187750
752 188000
753 188250
754 188500
755 188750
756 189000
757 189250
758 189500
759 189750
760 190000
761 190250
762 190500
763 190750
764 191000
765 191250
766 191500
767 191750
768 192000
769 192250
770 192500
771 192750
772 193000
773 193250
774 193500
775 193750
776 194000
777 194250
778 194500
779 194750
780 195000
781 195250
782 195500
783 195750
784 196000
785 196250
786 196500
787 196750
788 197000
789 197250
790 197500
791 197750
792 198000
793 198250
794 198500
795 198750
796 199000
797 199250
798 199500
799 199750
800 200000
801 200250
802 200500
803 200750
804 201000
805 201250
806 201500
807 201750
808 202000
809 202250
810 202500
811 202750
812 203000
813 203250
814 203500
815 203750
816 204000
817 204250
818 204500
819 204750
820 205000
821 205250
822 205500
823 205750
824 206000
825 206250
826 206500
827 206750
828 207000
829 207250
830 207500
831 207750
832 208000
833 208250
834 208500
835 208750
836 209000
837 209250
838 209500
839 209750
840 210000
841 210250
842 210500
843 210750
844 211000
845 211250
846 211500
847 211750
848 212000
849 212250
850 212500
851 212750
852 213000
853 213250
854 213500
855 213750
856 214000
857 214250
858 214500
859 214750
860 215000
861 215250
862 215500
863 215750
864 216000
865 216250
866 216500
867 216750
868 217000
869 217250
870 217500
871 217750
872 218000
873 218250
874 218500
875 218750
876 219000
877 219250
878 219500
879 219750
880 220000
881 220250
882 220500
883 220750
884 221000
885 221250
886 221500
887 221750
888 222000
889 222250
890 222500
891 222750
892 223000
893 223250
894 223500
895 223750
896 224000
897 224250
898 224500
899 224750
900 225000
901 225250
902 225500
903 225750
904 226000
905 226250
906 226500
907 226750
908 227000
909 227250
910 227500
911 227750
912 228000
913 228250
914 228500
915 228750
916 229000
917 229250
918 229500
919 229750
920 230000
921 230250
922 230500
923 230750
924 231000
925 231250
926 231500
927 231750
928 232000
929 232250
930 232500
931 232750
932 233000
933 233250
934 233500
935 233750
936 234000
937 234250
938 234500
939 234750
940 235000
941 235250
942 235500
943 235750
944 236000
945 236250
946 236500
947 236750
948 237000
949 237250
950 237500
951 237750
952 238000
953 238250
954 238500
955 238750
956 239000
957 239250
958 239500
959 239750
960 240000
961 240250
962 240500
963 240750
964 241000
965 241250
966 241500
967 241750
968 242000
969 242250
970 242500
971 242750
972 243000
973 243250
974 243500
975 243750
976 244000
977 244250
978 244500
979 244750
980 245000
981 245250
982 245500
983 245750
984 246000
985 246250
986 246500
987 246750
988 247000
989 247250
990 247500
991 247750
992 248000
993 248250
994 248500
995 248750
996 249000
997 249250
998 249500
999 249750
1000 250000
1001 250250
1002 250500
1003 250750
1004 251000
1005 251250
1006 251500
1007 251750
1008 252000
1009 252250
1010 252500
1011 252750
1012 253000
1013 253250
1014 253500
1015 253750
1016 254000
1017 254250
1018 254500
1019 254750
1020 255000
1021 255250
1022 255500
1023 255750
1024 256000
1025 256250
1026 256500
1027 256750
1028 257000
1029 257250
1030 257500
1031 257750
1032 258000
1033 258250
1034 258500
1035 258750
1036 259000
1037 259250
1038 259500
1039 259750
1040 260000
1041 260250
1042 260500
1043 260750
1044 261000
1045 261250
1046 261500
1047 261750
1048 262000
1049 262250
1050 262500
1051 262750
1052 263000
1053 263250
1054 263500
1055 263750
1056 264000
1057 264250
1058 264500
1059 264750
1060 265000
1061 265250
1062 265500
1063 265750
1064 266000
1065 266250
1066 266500
1067 266750
1068 267000
1069 267250
1070 267500
1071 267750
1072 268000
1073 268250
1074 268500
1075 268750
1076 269000
1077 269250
1078 269500
1079 269750
1080 270000
1081 270250
1082 270500
1083 270750
1084 271000
1085 271250
1086 271500
1087 271750
1088 272000
1089 272250
1090 272500
1091 272750
1092 273000
1093 273250
1094 273500
1095 273750
1096 274000
1097 274250
1098 274500
1099 274750
1100 275000
1101 275250
1102 275500
1103 275750
1104 276000
1105 276250
1106 276500
1107 276750
1108 277000
1109 277250
1110 277500
1111 277750
1112 278000
1113 278250
1114 278500
1115 278750
1116 279000
1117 279250
1118 279500
1119 279750
1120 280000
1121 280250
1122 280500
1123 280750
1124 281000
1125 281250
1126 281500
1127 281750
1128 282000
1129 282250
1130 282500
1131 282750
1132 283000
1133 283250
1134 283500
1135 283750
1136 284000
1137 284250
1138 284500
1139 284750
1140 285000
1141 285250
1142 285500
1143 285750
1144 286000
1145 286250
1146 286500
1147 286750
1148 287000
1149 287250
1150 287500
1151 287750
1152 288000
1153 288250
1154 288500
1155 288750
1156 289000
1157 289250
1158 289500
1159 289750
1160 290000
1161 290250
1162 290500
1163 290750
1164 291000
1165 291250
1166 291500
1167 291750
1168 292000
1169 292250
1170 292500
1171 292750
1172 293000
1173 293250
1174 293500
1175 293750
1176 294000
1177 294250
1178 294500
1179 294750
1180 295000
1181 295250
1182 295500
1183 295750
1184 296000
1185 296250
1186 296500
1187 296750
1188 297000
1189 297250
1190 297500
1191 297750
1192 298000
1193 298250
1194 298500
1195 298750
1196 299000
1197 299250
1198 299500
1199 299750
1200 300000
1201 300250
1202 300500
1203 300750
1204 301000
1205 301250
1206 301500
1207 301750
1208 302000
1209 302250
1210 302500
1211 302750
1212 303000
1213 303250
1214 303500
1215 303750
1216 304000
1217 304250
1218 304500
1219 304750
1220 305000
1221 305250
1222 305500
1223 305750
1224 306000
1225 306250
1226 306500
1227 306750
1228 307000
1229 307250
1230 307500
1231 307750
1232 308000
1233 308250
1234 308500
1235 308750
1236 309000
1237 309250
1238 309500
1239 309750
1240 310000
1241 310250
1242 310500
1243 310750
1244 311000
1245 311250
1246 311500
1247 311750
1248 312000
1249 312250
1250 312500
1251 312750
1252 313000
1253 313250
1254 313500
1255 313750
1256 314000
1257 314250
1258 314500
1259 314750
1260 315000
1261 315250
1262 315500
1263 315750
1264 316000
1265 316250
1266 316500
1267 316750
1268 317000
1269 317250
1270 317500
1271 317750
1272 318000
1273 318250
1274 318500
1275 318750
1276 319000
1277 319250
1278 319500
1279 319750
1280 320000
1281 320250
1282 320500
1283 320750
1284 321000
1285 321250
1286 321500
1287 321750
1288 322000
1289 322250
1290 322500
1291 322750
1292 323000
1293 323250
1294 323500
1295 323750
1296 324000
1297 324250
1298 324500
1299 324750
1300 325000
1301 325250
1302 325500
1303 325750
1304 326000
1305 326250
1306 326500
1307 326750
1308 327000
1309 327250
1310 327500
1311 327750
1312 328000
1313 328250
1314 328500
1315 328750
1316 329000
1317 329250
1318 329500
1319 329750
1320 330000
1321 330250
1322 330500
1323 330750
1324 331000
1325 331250
1326 331500
1327 331750
1328 332000
1329 332250
1330 332500
1331 332750
1332 333000
1333 333250
1334 333500
1335 333750
1336 334000
1337 334250
1338 334500
1339 334750
1340 335000
1341 335250
1342 335500
1343 335750
1344 336000
1345 336250
1346 336500
1347 336750
1348 337000
1349 337250
1350 337500
1351 337750
1352 338000
1353 338250
1354 338500
1355 338750
1356 339000
1357 339250
1358 339500
1359 339750
1360 340000
1361 340250
1362 340500
1363 340750
1364 341000
1365 341250
1366 341500
1367 341750
1368 342000
1369 342250
1370 342500
1371 342750
1372 343000
1373 343250
1374 343500
1375 343750
1376 344000
1377 344250
1378 344500
1379 344750
1380 345000
1381 345250
1382 345500
1383 345750
1384 346000
1385 346250
1386 346500
1387 346750
1388 347000
1389 347250
1390 347500
1391 347750
1392 348000
1393 348250
1394 348500
1395 348750
1396 349000
1397 349250
1398 349500
1399 349750
1400 350000
1401 350250
1402 350500
1403 350750
1404 351000
1405 351250
1406 351500
1407 351750
1408 352000
1409 352250
1410 352500
1411 352750
1412 353000
1413 353250
1414 353500
1415 353750
1416 354000
1417 354250
1418 354500
1419 354750
1420 355000
1421 355250
1422 355500
1423 355750
1424 356000
1425 356250
1426 356500
1427 356750
1428 357000
1429 357250
1430 357500
1431 357750
1432 358000
1433 358250
1434 358500
1435 358750
1436 359000
1437 359250
1438 359500
1439 359750
1440 360000
1441 360250
1442 360500
1443 360750
1444 361000
1445 361250
1446 361500
1447 361750
1448 362000
1449 362250
1450 362500
1451 362750
1452 363000
1453 363250
1454 363500
1455 363750
1456 364000
1457 364250
1458 364500
1459 364750
1460 365000
1461 365250
1462 365500
1463 365750
1464 366000
1465 366250
1466 366500
1467 366750
1468 367000
1469 367250
1470 367500
1471 367750
1472 368000
1473 368250
1474 368500
1475 368750
1476 369000
1477 369250
1478 369500
1479 369750
1480 370000
1481 370250
1482 370500
1483 370750
1484 371000
1485 371250
1486 371500
1487 371750
1488 372000
1489 372250
1490 372500
1491 372750
1492 373000
1493 373250
1494 373500
1495 373750
1496 374000
1497 374250
1498 374500
1499 374750
1500 375000
1501 375250
1502 375500
1503 375750
1504 376000
1505 376250
1506 376500
1507 376750
1508 377000
1509 377250
1510 377500
1511 377750
1512 378000
1513 378250
1514 378500
1515 378750
1516 379000
1517 379250
1518 379500
1519 379750
1520 380000
1521 380250
1522 380500
1523 380750
1524 381000
1525 381250
1526 381500
1527 381750
1528 382000
1529 382250
1530 382500
1531 382750
1532 383000
1533 383250
1534 383500
1535 383750
1536 384000
1537 384250
1538 384500
1539 384750
1540 385000
1541 385250
1542 385500
1543 385750
1544 386000
1545 386250
1546 386500
1547 386750
1548 387000
1549 387250
1550 387500
1551 387750
1552 388000
1553 388250
1554 388500
1555 388750
1556 389000
1557 389250
1558 389500
1559 389750
1560 390000
1561 390250
1562 390500
1563 390750
1564 391000
1565 391250
1566 391500
1567 391750
1568 392000
1569 392250
1570 392500
1571 392750
1572 393000
1573 393250
1574 393500
1575 393750
1576 394000
1577 394250
1578 394500
1579 394750
1580 395000
1581 395250
1582 395500
1583 395750
1584 396000
1585 396250
1586 396500
1587 396750
1588 397000
1589 397250
1590 397500
1591 397750
1592 398000
1593 398250
1594 398500
1595 398750
1596 399000
1597 399250
1598 399500
1599 399750
1600 400000
1601 400250
1602 400500
1603 400750
1604 401000
1605 401250
1606 401500
1607 401750
1608 402000
1609 402250
1610 402500
1611 402750
1612 403000
1613 403250
1614 403500
1615 403750
1616 404000
1617 404250
1618 404500
1619 404750
1620 405000
1621 405250
1622 405500
1623 405750
1624 406000
1625 406250
1626 406500
1627 406750
1628 407000
1629 407250
1630 407500
1631 407750
1632 408000
1633 408250
1634 408500
1635 408750
1636 409000
1637 409250
1638 409500
1639 409750
1640 410000
1641 410250
1642 410500
1643 410750
1644 411000
1645 411250
1646 411500
1647 411750
1648 412000
1649 412250
1650 412500
1651 412750
1652 413000
1653 413250
1654 413500
1655 413750
1656 414000
1657 414250
1658 414500
1659 414750
1660 415000
1661 415250
1662 415500
1663 415750
1664 416000
1665 416250
1666 416500
1667 416750
1668 417000
1669 417250
1670 417500
1671 417750
1672 418000
1673 418250
1674 418500
1675 418750
1676 419000
1677 419250
1678 419500
1679 419750
1680 420000
1681 420250
1682 420500
1683 420750
1684 421000
1685 421250
1686 421500
1687 421750
1688 422000
1689 422250
1690 422500
1691 422750
1692 423000
1693 423250
1694 423500
1695 423750
1696 424000
1697 424250
1698 424500
1699 424750
1700 425000
1701 425250
1702 425500
1703 425750
1704 426000
1705 426250
1706 426500
1707 426750
1708 427000
1709 427250
1710 427500
1711 427750
1712 428000
1713 428250
1714 428500
1715 428750
1716 429000
1717 429250
1718 429500
1719 429750
1720 430000
1721 430250
1722 430500
1723 430750
1724 431000
1725 431250
1726 431500
1727 431750
1728 432000
1729 432250
1730 432500
1731 432750
1732 433000
1733 433250
1734 433500
1735 433750
1736 434000
1737 434250
1738 434500
1739 434750
1740 435000
1741 435250
1742 435500
1743 435750
1744 436000
1745 436250
1746 436500
1747 436750
1748 437000
1749 437250
1750 437500
1751 437750
1752 438000
1753 438250
1754 438500
1755 438750
1756 439000
1757 439250
1758 439500
1759 439750
1760 440000
1761 440250
1762 440500
1763 440750
1764 441000
1765 441250
1766 441500
1767 441750
1768 442000
1769 442250
1770 442500
1771 442750
1772 443000
1773 443250
1774 443500
1775 443750
1776 444000
1777 444250
1778 444500
1779 444750
1780 445000
1781 445250
1782 445500
1783 445750
1784 446000
1785 446250
1786 446500
1787 446750
1788 447000
1789 447250
1790 447500
1791 447750
1792 448000
1793 448250
1794 448500
1795 448750
1796 449000
1797 449250
1798 449500
1799 449750
1800 450000
1801 450250
1802 450500
1803 450750
1804 451000
1805 451250
1806 451500
1807 451750
1808 452000
1809 452250
1810 452500
1811 452750
1812 453000
1813 453250
1814 453500
1815 453750
1816 454000
1817 454250
1818 454500
1819 454750
1820 455000
1821 455250
1822 455500
1823 455750
1824 456000
1825 456250
1826 456500
1827 456750
1828 457000
1829 457250
1830 457500
1831 457750
1832 458000
1833 458250
1834 458500
1835 458750
1836 459000
1837 459250
1838 459500
1839 459750
1840 460000
1841 460250
1842 460500
1843 460750
1844 461000
1845 461250
1846 461500
1847 461750
1848 462000
1849 462250
1850 462500
1851 462750
1852 463000
1853 463250
1854 463500
1855 463750
1856 464000
1857 464250
1858 464500
1859 464750
1860 465000
1861 465250
1862 465500
1863 465750
1864 466000
1865 466250
1866 466500
1867 466750
1868 467000
1869 467250
1870 467500
1871 467750
1872 468000
1873 468250
1874 468500
1875 468750
1876 469000
1877 469250
1878 469500
1879 469750
1880 470000
1881 470250
1882 470500
1883 470750
1884 471000
1885 471250
1886 471500
1887 471750
1888 472000
1889 472250
1890 472500
1891 472750
1892 473000
1893 473250
1894 473500
1895 473750
1896 474000
1897 474250
1898 474500
1899 474750
1900 475000
1901 475250
1902 475500
1903 475750
1904 476000
1905 476250
1906 476500
1907 476750
1908 477000
1909 477250
1910 477500
1911 477750
1912 478000
1913 478250
1914 478500
1915 478750
1916 479000
1917 479250
1918 479500
1919 479750
1920 480000
1921 480250
1922 480500
1923 480750
1924 481000
1925 481250
1926 481500
1927 481750
1928 482000
1929 482250
1930 482500
1931 482750
1932 483000
1933 483250
1934 483500
1935 483750
1936 484000
1937 484250
1938 484500
1939 484750
1940 485000
1941 485250
1942 485500
1943 485750
1944 486000
1945 486250
1946 486500
1947 486750
1948 487000
1949 487250
1950 487500
1951 487750
1952 488000
1953 488250
1954 488500
1955 488750
1956 489000
1957 489250
1958 489500
1959 489750
1960 490000
1961 490250
1962 490500
1963 490750
1964 491000
1965 491250
1966 491500
1967 491750
1968 492000
1969 492250
1970 492500
1971 492750
1972 493000
1973 493250
1974 493500
1975 493750
1976 494000
1977 494250
1978 494500
1979 494750
1980 495000
1981 495250
1982 495500
1983 495750
1984 496000
1985 496250
1986 496500
1987 496750
1988 497000
1989 497250
1990 497500
1991 497750
1992 498000
1993 498250
1994 498500
1995 498750
1996 499000
1997 499250
1998 499500
1999 499750
2000 500000
2001 500250
2002 500500
2003 500750
2004 501000
2005 501250
2006 501500
2007 501750
2008 502000
2009 502250
2010 502500
2011 502750
2012 503000
2013 503250
2014 503500
2015 503750
2016 504000
2017 504250
2018 504500
2019 504750
2020 505000
2021 505250
2022 505500
2023 505750
2024 506000
2025 506250
2026 506500
2027 506750
2028 507000
2029 507250
2030 507500
2031 507750
2032 508000
2033 508250
2034 508500
2035 508750
2036 509000
2037 509250
2038 509500
2039 509750
2040 510000
2041 510250
2042 510500
2043 510750
2044 511000
2045 511250
2046 511500
2047 511750
2048 512000
2049 512250
2050 512500
2051 512750
2052 513000
2053 513250
2054 513500
2055 513750
2056 514000
2057 514250
2058 514500
2059 514750
2060 515000
2061 515250
2062 515500
2063 515750
2064 516000
2065 516250
2066 516500
2067 516750
2068 517000
2069 517250
2070 517500
2071 517750
2072 518000
2073 518250
2074 518500
2075 518750
2076 519000
2077 519250
2078 519500
2079 519750
2080 520000
2081 520250
2082 520500
2083 520750
2084 521000
2085 521250
2086 521500
2087 521750
2088 522000
2089 522250
2090 522500
2091 522750
2092 523000
2093 523250
2094 523500
2095 523750
2096 524000
2097 524250
2098 524500
2099 524750
2100 525000
2101 525250
2102 525500
2103 525750
2104 526000
2105 526250
2106 526500
2107 526750
2108 527000
2109 527250
2110 527500
2111 527750
2112 528000
2113 528250
2114 528500
2115 528750
2116 529000
2117 529250
2118 529500
2119 529750
2120 530000
2121 530250
2122 530500
2123 530750
2124 531000
2125 531250
2126 531500
2127 531750
2128 532000
2129 532250
2130 532500
2131 532750
2132 533000
2133 533250
2134 533500
2135 533750
2136 534000
2137 534250
2138 534500
2139 534750
2140 535000
2141 535250
2142 535500
2143 535750
2144 536000
2145 536250
2146 536500
2147 536750
2148 537000
2149 537250
2150 537500
2151 537750
2152 538000
2153 538250
2154 538500
2155 538750
2156 539000
2157 539250
2158 539500
2159 539750
2160 540000
2161 540250
2162 540500
2163 540750
2164 541000
2165 541250
2166 541500
2167 541750
2168 542000
2169 542250
2170 542500
2171 542750
2172 543000
2173 543250
2174 543500
2175 543750
2176 544000
2177 544250
2178 544500
2179 544750
2180 545000
2181 545250
2182 545500
2183 545750
2184 546000
2185 546250
2186 546500
2187 546750
2188 547000
2189 547250
2190 547500
2191 547750
2192 548000
2193 548250
2194 548500
2195 548750
2196 549000
2197 549250
2198 549500
2199 549750
2200 550000
2201 550250
2202 550500
2203 550750
2204 551000
2205 551250
2206 551500
2207 551750
2208 552000
2209 552250
2210 552500
2211 552750
2212 553000
2213 553250
2214 553500
2215 553750
2216 554000
2217 554250
2218 554500
2219 554750
2220 555000
2221 555250
2222 555500
2223 555750
2224 556000
2225 556250
2226 556500
2227 556750
2228 557000
2229 557250
2230 557500
2231 557750
2232 558000
2233 558250
2234 558500
2235 558750
2236 559000
2237 559250
2238 559500
2239 559750
2240 560000
2241 560250
2242 560500
2243 560750
2244 561000
2245 561250
2246 561500
2247 561750
2248 562000
2249 562250
2250 562500
2251 562750
2252 563000
2253 563250
2254 563500
2255 563750
2256 564000
2257 564250
2258 564500
2259 564750
2260 565000
2261 565250
2262 565500
2263 565750
2264 566000
2265 566250
2266 566500
2267 566750
2268 567000
2269 567250
2270 567500
2271 567750
2272 568000
2273 568250
2274 568500
2275 568750
2276 569000
2277 569250
2278 569500
2279 569750
2280 570000
2281 570250
2282 570500
2283 570750
2284 571000
2285 571250
2286 571500
2287 571750
2288 572000
2289 572250
2290 572500
2291 572750
2292 573000
2293 573250
2294 573500
2295 573750
2296 574000
2297 574250
2298 574500
2299 574750
2300 575000
2301 575250
2302 575500
2303 575750
2304 576000
2305 576250
2306 576500
2307 576750
2308 577000
2309 577250
2310 577500
2311 577750
2312 578000
2313 578250
2314 578500
2315 578750
2316 579000
2317 579250
2318 579500
2319 579750
2320 580000
2321 580250
2322 580500
2323 580750
2324 581000
2325 581250
2326 581500
2327 581750
2328 582000
2329 582250
2330 582500
2331 582750
2332 583000
2333 583250
2334 583500
2335 583750
2336 584000
2337 584250
2338 584500
2339 584750
2340 585000
2341 585250
2342 585500
2343 585750
2344 586000
2345 586250
2346 586500
2347 586750
2348 587000
2349 587250
2350 587500
2351 587750
2352 588000
2353 588250
2354 588500
2355 588750
2356 589000
2357 589250
2358 589500
2359 589750
2360 590000
2361 590250
2362 590500
2363 590750
2364 591000
2365 591250
2366 591500
2367 591750
2368 592000
2369 592250
2370 592500
2371 592750
2372 593000
2373 593250
2374 593500
2375 593750
2376 594000
2377 594250
2378 594500
2379 594750
2380 595000
2381 595250
2382 595500
2383 595750
2384 596000
2385 596250
2386 596500
2387 596750
2388 597000
2389 597250
2390 597500
2391 597750
2392 598000
2393 598250
2394 598500
2395 598750
2396 599000
2397 599250
2398 599500
2399 599750
2400 600000
2401 600250
2402 600500
2403 600750
2404 601000
2405 601250
2406 601500
2407 601750
2408 602000
2409 602250
2410 602500
2411 602750
2412 603000
2413 603250
2414 603500
2415 603750
2416 604000
2417 604250
2418 604500
2419 604750
2420 605000
2421 605250
2422 605500
2423 605750
2424 606000
2425 606250
2426 606500
2427 606750
2428 607000
2429 607250
2430 607500
2431 607750
2432 608000
2433 608250
2434 608500
2435 608750
2436 609000
2437 609250
2438 609500
2439 609750
2440 610000
2441 610250
2442 610500
2443 610750
2444 611000
2445 611250
2446 611500
2447 611750
2448 612000
2449 612250
2450 612500
2451 612750
2452 613000
2453 613250
2454 613500
2455 613750
2456 614000
2457 614250
2458 614500
2459 614750
2460 615000
2461 615250
2462 615500
2463 615750
2464 616000
2465 616250
2466 616500
2467 616750
2468 617000
2469 617250
2470 617500
2471 617750
2472 618000
2473 618250
2474 618500
2475 618750
2476 619000
2477 619250
2478 619500
2479 619750
2480 620000
2481 620250
2482 620500
2483 620750
2484 621000
2485 621250
2486 621500
2487 621750
2488 622000
2489 622250
2490 622500
2491 622750
2492 623000
2493 623250
2494 623500
2495 623750
2496 624000
2497 624250
2498 624500
2499 624750
2500 625000
2501 625250
2502 625500
2503 625750
2504 626000
2505 626250
2506 626500
2507 626750
2508 627000
2509 627250
2510 627500
2511 627750
2512 628000
2513 628250
2514 628500
2515 628750
2516 629000
2517 629250
2518 629500
2519 629750
2520 630000
2521 630250
2522 630500
2523 630750
2524 631000
2525 631250
2526 631500
2527 631750
2528 632000
2529 632250
2530 632500
2531 632750
2532 633000
2533 633250
2534 633500
2535 633750
2536 634000
2537 634250
2538 634500
2539 634750
2540 635000
2541 635250
2542 635500
2543 635750
2544 636000
2545 636250
2546 636500
2547 636750
2548 637000
2549 637250
2550 637500
2551 637750
2552 638000
2553 638250
2554 638500
2555 638750
2556 639000
2557 639250
2558 639500
2559 639750
2560 640000
2561 640250
2562 640500
2563 640750
2564 641000
2565 641250
2566 641500
2567 641750
2568 642000
2569 642250
2570 642500
2571 642750
2572 643000
2573 643250
2574 643500
2575 643750
2576 644000
2577 644250
2578 644500
2579 644750
2580 645000
2581 645250
2582 645500
2583 645750
2584 646000
2585 646250
2586 646500
2587 646750
2588 647000
2589 647250
2590 647500
2591 647750
2592 648000
2593 648250
2594 648500
2595 648750
2596 649000
2597 649250
2598 649500
2599 649750
2600 650000
2601 650250
2602 650500
2603 650750
2604 651000
2605 651250
2606 651500
2607 651750
2608 652000
2609 652250
2610 652500
2611 652750
2612 653000
2613 653250
2614 653500
2615 653750
2616 654000
2617 654250
2618 654500
2619 654750
2620 655000
2621 655250
2622 655500
2623 655750
2624 656000
2625 656250
2626 656500
2627 656750
2628 657000
2629 657250
2630 657500
2631 657750
2632 658000
2633 658250
2634 658500
2635 658750
2636 659000
2637 659250
2638 659500
2639 659750
2640 660000
2641 660250
2642 660500
2643 660750
2644 661000
2645 661250
2646 661500
2647 661750
2648 662000
2649 662250
2650 662500
2651 662750
2652 663000
2653 663250
2654 663500
2655 663750
2656 664000
2657 664250
2658 664500
2659 664750
2660 665000
2661 665250
2662 665500
2663 665750
2664 666000
2665 666250
2666 666500
2667 666750
2668 667000
2669 667250
2670 667500
2671 667750
2672 668000
2673 668250
2674 668500
2675 668750
2676 669000
2677 669250
2678 669500
2679 669750
2680 670000
2681 670250
2682 670500
2683 670750
2684 671000
2685 671250
2686 671500
2687 671750
2688 672000
2689 672250
2690 672500
2691 672750
2692 673000
2693 673250
2694 673500
2695 673750
2696 674000
2697 674250
2698 674500
2699 674750
2700 675000
2701 675250
2702 675500
2703 675750
2704 676000
2705 676250
2706 676500
2707 676750
2708 677000
2709 677250
2710 677500
2711 677750
2712 678000
2713 678250
2714 678500
2715 678750
2716 679000
2717 679250
2718 679500
2719 679750
2720 680000
2721 680250
2722 680500
2723 680750
2724 681000
2725 681250
2726 681500
2727 681750
2728 682000
2729 682250
2730 682500
2731 682750
2732 683000
2733 683250
2734 683500
2735 683750
2736 684000
2737 684250
2738 684500
2739 684750
2740 685000
2741 685250
2742 685500
2743 685750
2744 686000
2745 686250
2746 686500
2747 686750
2748 687000
2749 687250
2750 687500
2751 687750
2752 688000
2753 688250
2754 688500
2755 688750
2756 689000
2757 689250
2758 689500
2759 689750
2760 690000
2761 690250
2762 690500
2763 690750
2764 691000
2765 691250
2766 691500
2767 691750
2768 692000
2769 692250
2770 692500
2771 692750
2772 693000
2773 693250
2774 693500
2775 693750
2776 694000
2777 694250
2778 694500
2779 694750
2780 695000
2781 695250
2782 695500
2783 695750
2784 696000
2785 696250
2786 696500
2787 696750
2788 697000
2789 697250
2790 697500
2791 697750
2792 698000
2793 698250
2794 698500
2795 698750
2796 699000
2797 699250
2798 699500
2799 699750
2800 700000
2801 700250
2802 700500
2803 700750
2804 701000
2805 701250
2806 701500
2807 701750
2808 702000
2809 702250
2810 702500
2811 702750
2812 703000
2813 703250
2814 703500
2815 703750
2816 704000
2817 704250
2818 704500
2819 704750
2820 705000
2821 705250
2822 705500
2823 705750
2824 706000
2825 706250
2826 706500
2827 706750
2828 707000
2829 707250
2830 707500
2831 707750
2832 708000
2833 708250
2834 708500
2835 708750
2836 709000
2837 709250
2838 709500
2839 709750
2840 710000
2841 710250
2842 710500
2843 710750
2844 711000
2845 711250
2846 711500
2847 711750
2848 712000
2849 712250
2850 712500
2851 712750
2852 713000
2853 713250
2854 713500
2855 713750
2856 714000
2857 714250
2858 714500
2859 714750
2860 715000
2861 715250
2862 715500
2863 715750
2864 716000
2865 716250
2866 716500
2867 716750
2868 717000
2869 717250
2870 717500
2871 717750
2872 718000
2873 718250
2874 718500
2875 718750
2876 719000
2877 719250
2878 719500
2879 719750
2880 720000
2881 720250
2882 720500
2883 720750
2884 721000
2885 721250
2886 721500
2887 721750
2888 722000
2889 722250
2890 722500
2891 722750
2892 723000
2893 723250
2894 723500
2895 723750
2896 724000
2897 724250
2898 724500
2899 724750
2900 725000
2901 725250
2902 725500
2903 725750
2904 726000
2905 726250
2906 726500
2907 726750
2908 727000
2909 727250
2910 727500
2911 727750
2912 728000
2913 728250
2914 728500
2915 728750
2916 729000
2917 729250
2918 729500
2919 729750
2920 730000
2921 730250
2922 730500
2923 730750
2924 731000
2925 731250
2926 731500
2927 731750
2928 732000
2929 732250
2930 732500
2931 732750
2932 733000
2933 733250
2934 733500
2935 733750
2936 734000
2937 734250
2938 734500
2939 734750
2940 735000
2941 735250
2942 735500
2943 735750
2944 736000
2945 736250
2946 736500
2947 736750
2948 737000
2949 737250
2950 737500
2951 737750
2952 738000
2953 738250
2954 738500
2955 738750
2956 739000
2957 739250
2958 739500
2959 739750
2960 740000
2961 740250
2962 740500
2963 740750
2964 741000
2965 741250
2966 741500
2967 741750
2968 742000
2969 742250
2970 742500
2971 742750
2972 743000
2973 743250
2974 743500
2975 743750
2976 744000
2977 744250
2978 744500
2979 744750
2980 745000
2981 745250
2982 745500
2983 745750
2984 746000
2985 746250
2986 746500
2987 746750
2988 747000
2989 747250
2990 747500
2991 747750
2992 748000
2993 748250
2994 748500
2995 748750
2996 749000
2997 749250
2998 749500
2999 749750
3000 750000
3001 750250
3002 750500
3003 750750
3004 751000
3005 751250
3006 751500
3007 751750
3008 752000
3009 752250
3010 752500
3011 752750
3012 753000
3013 753250
3014 753500
3015 753750
3016 754000
3017 754250
3018 754500
3019 754750
3020 755000
3021 755250
3022 755500
3023 755750
3024 756000
3025 756250
3026 756500
3027 756750
3028 757000
3029 757250
3030 757500
3031 757750
3032 758000
3033 758250
3034 758500
3035 758750
3036 759000
3037 759250
3038 759500
3039 759750
3040 760000
3041 760250
3042 760500
3043 760750
3044 761000
3045 761250
3046 761500
3047 761750
3048 762000
3049 762250
3050 762500
3051 762750
3052 763000
3053 763250
3054 763500
3055 763750
3056 764000
3057 764250
3058 764500
3059 764750
3060 765000
3061 765250
3062 765500
3063 765750
3064 766000
3065 766250
3066 766500
3067 766750
3068 767000
3069 767250
3070 767500
3071 767750
3072 768000
3073 768250
3074 768500
3075 768750
3076 769000
3077 769250
3078 769500
3079 769750
3080 770000
3081 770250
3082 770500
3083 770750
3084 771000
3085 771250
3086 771500
3087 771750
3088 772000
3089 772250
3090 772500
3091 772750
3092 773000
3093 773250
3094 773500
3095 773750
3096 774000
3097 774250
3098 774500
3099 774750
3100 775000
3101 775250
3102 775500
3103 775750
3104 776000
3105 776250
3106 776500
3107 776750
3108 777000
3109 777250
3110 777500
3111 777750
3112 778000
3113 778250
3114 778500
3115 778750
3116 779000
3117 779250
3118 779500
3119 779750
3120 780000
3121 780250
3122 780500
3123 780750
3124 781000
3125 781250
3126 781500
3127 781750
3128 782000
3129 782250
3130 782500
3131 782750
3132 783000
3133 783250
3134 783500
3135 783750
3136 784000
3137 784250
3138 784500
3139 784750
3140 785000
3141 785250
3142 785500
3143 785750
3144 786000
3145 786250
3146 786500
3147 786750
3148 787000
3149 787250
3150 787500
3151 787750
3152 788000
3153 788250
3154 788500
3155 788750
3156 789000
3157 789250
3158 789500
3159 789750
3160 790000
3161 790250
3162 790500
3163 790750
3164 791000
3165 791250
3166 791500
3167 791750
3168 792000
3169 792250
3170 792500
3171 792750
3172 793000
3173 793250
3174 793500
3175 793750
3176 794000
3177 794250
3178 794500
3179 794750
3180 795000
3181 795250
3182 795500
3183 795750
3184 796000
3185 796250
3186 796500
3187 796750
3188 797000
3189 797250
3190 797500
3191 797750
3192 798000
3193 798250
3194 798500
3195 798750
3196 799000
3197 799250
3198 799500
3199 799750
3200 800000
3201 800250
3202 800500
3203 800750
3204 801000
3205 801250
3206 801500
3207 801750
3208 802000
3209 802250
3210 802500
3211 802750
3212 803000
3213 803250
3214 803500
3215 803750
3216 804000
3217 804250
3218 804500
3219 804750
3220 805000
3221 805250
3222 805500
3223 805750
3224 806000
3225 806250
3226 806500
3227 806750
3228 807000
3229 807250
3230 807500
3231 807750
3232 808000
3233 808250
3234 808500
3235 808750
3236 809000
3237 809250
3238 809500
3239 809750
3240 810000
3241 810250
3242 810500
3243 810750
3244 811000
3245 811250
3246 811500
3247 811750
3248 812000
3249 812250
3250 812500
3251 812750
3252 813000
3253 813250
3254 813500
3255 813750
3256 814000
3257 814250
3258 814500
3259 814750
3260 815000
3261 815250
3262 815500
3263 815750
3264 816000
3265 816250
3266 816500
3267 816750
3268 817000
3269 817250
3270 817500
3271 817750
3272 818000
3273 818250
3274 818500
3275 818750
3276 819000
3277 819250
3278 819500
3279 819750
3280 820000
3281 820250
3282 820500
3283 820750
3284 821000
3285 821250
3286 821500
3287 821750
3288 822000
3289 822250
3290 822500
3291 822750
3292 823000
3293 823250
3294 823500
3295 823750
3296 824000
3297 824250
3298 824500
3299 824750
3300 825000
3301 825250
3302 825500
3303 825750
3304 826000
3305 826250
3306 826500
3307 826750
3308 827000
3309 827250
3310 827500
3311 827750
3312 828000
3313 828250
3314 828500
3315 828750
3316 829000
3317 829250
3318 829500
3319 829750
3320 830000
3321 830250
3322 830500
3323 830750
3324 831000
3325 831250
3326 831500
3327 831750
3328 832000
3329 832250
3330 832500
3331 832750
3332 833000
3333 833250
3334 833500
3335 833750
3336 834000
3337 834250
3338 834500
3339 834750
3340 835000
3341 835250
3342 835500
3343 835750
3344 836000
3345 836250
3346 836500
3347 836750
3348 837000
3349 837250
3350 837500
3351 837750
3352 838000
3353 838250
3354 838500
3355 838750
3356 839000
3357 839250
3358 839500
3359 839750
3360 840000
3361 840250
3362 840500
3363 840750
3364 841000
3365 841250
3366 841500
3367 841750
3368 842000
3369 842250
3370 842500
3371 842750
3372 843000
3373 843250
3374 843500
3375 843750
3376 844000
3377 844250
3378 844500
3379 844750
3380 845000
3381 845250
3382 845500
3383 845750
3384 846000
3385 846250
3386 846500
3387 846750
3388 847000
3389 847250
3390 847500
3391 847750
3392 848000
3393 848250
3394 848500
3395 848750
3396 849000
3397 849250
3398 849500
3399 849750
3400 850000
3401 850250
3402 850500
3403 850750
3404 851000
3405 851250
3406 851500
3407 851750
3408 852000
3409 852250
3410 852500
3411 852750
3412 853000
3413 853250
3414 853500
3415 853750
3416 854000
3417 854250
3418 854500
3419 854750
3420 855000
3421 855250
3422 855500
3423 855750
3424 856000
3425 856250
3426 856500
3427 856750
3428 857000
3429 857250
3430 857500
3431 857750
3432 858000
3433 858250
3434 858500
3435 858750
3436 859000
3437 859250
3438 859500
3439 859750
3440 860000
3441 860250
3442 860500
3443 860750
3444 861000
3445 861250
3446 861500
3447 861750
3448 862000
3449 862250
3450 862500
3451 862750
3452 863000
3453 863250
3454 863500
3455 863750
3456 864000
3457 864250
3458 864500
3459 864750
3460 865000
3461 865250
3462 865500
3463 865750
3464 866000
3465 866250
3466 866500
3467 866750
3468 867000
3469 867250
3470 867500
3471 867750
3472 868000
3473 868250
3474 868500
3475 868750
3476 869000
3477 869250
3478 869500
3479 869750
3480 870000
3481 870250
3482 870500
3483 870750
3484 871000
3485 871250
3486 871500
3487 871750
3488 872000
3489 872250
3490 872500
3491 872750
3492 873000
3493 873250
3494 873500
3495 873750
3496 874000
3497 874250
3498 874500
3499 874750
3500 875000
3501 875250
3502 875500
3503 875750
3504 876000
3505 876250
3506 876500
3507 876750
3508 877000
3509 877250
3510 877500
3511 877750
3512 878000
3513 878250
3514 878500
3515 878750
3516 879000
3517 879250
3518 879500
3519 879750
3520 880000
3521 880250
3522 880500
3523 880750
3524 881000
3525 881250
3526 881500
3527 881750
3528 882000
3529 882250
3530 882500
3531 882750
3532 883000
3533 883250
3534 883500
3535 883750
3536 884000
3537 884250
3538 884500
3539 884750
3540 885000
3541 885250
3542 885500
3543 885750
3544 886000
3545 886250
3546 886500
3547 886750
3548 887000
3549 887250
3550 887500
3551 887750
3552 888000
3553 888250
3554 888500
3555 888750
3556 889000
3557 889250
3558 889500
3559 889750
3560 890000
3561 890250
3562 890500
3563 890750
3564 891000
3565 891250
3566 891500
3567 891750
3568 892000
3569 892250
3570 892500
3571 892750
3572 893000
3573 893250
3574 893500
3575 893750
3576 894000
3577 894250
3578 894500
3579 894750
3580 895000
3581 895250
3582 895500
3583 895750
3584 896000
3585 896250
3586 896500
3587 896750
3588 897000
3589 897250
3590 897500
3591 897750
3592 898000
3593 898250
3594 898500
3595 898750
3596 899000
3597 899250
3598 899500
3599 899750
3600 900000
3601 900250
3602 900500
3603 900750
3604 901000
3605 901250
3606 901500
3607 901750
3608 902000
3609 902250
3610 902500
3611 902750
3612 903000
3613 903250
3614 903500
3615 903750
3616 904000
3617 904250
3618 904500
3619 904750
3620 905000
3621 905250
3622 905500
3623 905750
3624 906000
3625 906250
3626 906500
3627 906750
3628 907000
3629 907250
3630 907500
3631 907750
3632 908000
3633 908250
3634 908500
3635 908750
3636 909000
3637 909250
3638 909500
3639 909750
3640 910000
3641 910250
3642 910500
3643 910750
3644 911000
3645 911250
3646 911500
3647 911750
3648 912000
3649 912250
3650 912500
3651 912750
3652 913000
3653 913250
3654 913500
3655 913750
3656 914000
3657 914250
3658 914500
3659 914750
3660 915000
3661 915250
3662 915500
3663 915750
3664 916000
3665 916250
3666 916500
3667 916750
3668 917000
3669 917250
3670 917500
3671 917750
3672 918000
3673 918250
3674 918500
3675 918750
3676 919000
3677 919250
3678 919500
3679 919750
3680 920000
3681 920250
3682 920500
3683 920750
3684 921000
3685 921250
3686 921500
3687 921750
3688 922000
3689 922250
3690 922500
3691 922750
3692 923000
3693 923250
3694 923500
3695 923750
3696 924000
3697 924250
3698 924500
3699 924750
3700 925000
3701 925250
3702 925500
3703 925750
3704 926000
3705 926250
3706 926500
3707 926750
3708 927000
3709 927250
3710 927500
3711 927750
3712 928000
3713 928250
3714 928500
3715 928750
3716 929000
3717 929250
3718 929500
3719 929750
3720 930000
3721 930250
3722 930500
3723 930750
3724 931000
3725 931250
3726 931500
3727 931750
3728 932000
3729 932250
3730 932500
3731 932750
3732 933000
3733 933250
3734 933500
3735 933750
3736 934000
3737 934250
3738 934500
3739 934750
3740 935000
3741 935250
3742 935500
3743 935750
3744 936000
3745 936250
3746 936500
3747 936750
3748 937000
3749 937250
3750 937500
3751 937750
3752 938000
3753 938250
3754 938500
3755 938750
3756 939000
3757 939250
3758 939500
3759 939750
3760 940000
3761 940250
3762 940500
3763 940750
3764 941000
3765 941250
3766 941500
3767 941750
3768 942000
3769 942250
3770 942500
3771 942750
3772 943000
3773 943250
3774 943500
3775 943750
3776 944000
3777 944250
3778 944500
3779 944750
3780 945000
3781 945250
3782 945500
3783 945750
3784 946000
3785 946250
3786 946500
3787 946750
3788 947000
3789 947250
3790 947500
3791 947750
3792 948000
3793 948250
3794 948500
3795 948750
3796 949000
3797 949250
3798 949500
3799 949750
3800 950000
3801 950250
3802 950500
3803 950750
3804 951000
3805 951250
3806 951500
3807 951750
3808 952000
3809 952250
3810 952500
3811 952750
3812 953000
3813 953250
3814 953500
3815 953750
3816 954000
3817 954250
3818 954500
3819 954750
3820 955000
3821 955250
3822 955500
3823 955750
3824 956000
3825 956250
3826 956500
3827 956750
3828 957000
3829 957250
3830 957500
3831 957750
3832 958000
3833 958250
3834 958500
3835 958750
3836 959000
3837 959250
3838 959500
3839 959750
3840 960000
3841 960250
3842 960500
3843 960750
3844 961000
3845 961250
3846 961500
3847 961750
3848 962000
3849 962250
3850 962500
3851 962750
3852 963000
3853 963250
3854 963500
3855 963750
3856 964000
3857 964250
3858 964500
3859 964750
3860 965000
3861 965250
3862 965500
3863 965750
3864 966000
3865 966250
3866 966500
3867 966750
3868 967000
3869 967250
3870 967500
3871 967750
3872 968000
3873 968250
3874 968500
3875 968750
3876 969000
3877 969250
3878 969500
3879 969750
3880 970000
3881 970250
3882 970500
3883 970750
3884 971000
3885 971250
3886 971500
3887 971750
3888 972000
3889 972250
3890 972500
3891 972750
3892 973000
3893 973250
3894 973500
3895 973750
3896 974000
3897 974250
3898 974500
3899 974750
3900 975000
3901 975250
3902 975500
3903 975750
3904 976000
3905 976250
3906 976500
3907 976750
3908 977000
3909 977250
3910 977500
3911 977750
3912 978000
3913 978250
3914 978500
3915 978750
3916 979000
3917 979250
3918 979500
3919 979750
3920 980000
3921 980250
3922 980500
3923 980750
3924 981000
3925 981250
3926 981500
3927 981750
3928 982000
3929 982250
3930 982500
3931 982750
3932 983000
3933 983250
3934 983500
3935 983750
3936 984000
3937 984250
3938 984500
3939 984750
3940 985000
3941 985250
3942 985500
3943 985750
3944 986000
3945 986250
3946 986500
3947 986750
3948 987000
3949 987250
3950 987500
3951 987750
3952 988000
3953 988250
3954 988500
3955 988750
3956 989000
3957 989250
3958 989500
3959 989750
3960 990000
3961 990250
3962 990500
3963 990750
3964 991000
3965 991250
3966 991500
3967 991750
3968 992000
3969 992250
3970 992500
3971 992750
3972 993000
3973 993250
3974 993500
3975 993750
3976 994000
3977 994250
3978 994500
3979 994750
3980 995000
3981 995250
3982 995500
3983 995750
3984 996000
3985 996250
3986 996500
3987 996750
3988 997000
3989 997250
3990 997500
3991 997750
3992 998000
3993 998250
3994 998500
3995 998750
3996 999000
3997 999250
3998 999500
3999 999750
4000 1000000
